欢迎使用财务报表处理系统！

==================== 微信支付账单(20250101-20250228)——【解压密码可在微信支付公众号查看】.csv ====================
共 60 条交易记录

交易明细:
                   交易时间                  交易对方                                                                          商品 收/支  金额(元)   当前状态                                           交易单号                                        商户单号
0   2025-02-22 11:53:06                  顺丰速运                                                                   散单运费-顺丰速运  支出    0.0   支付成功                   4200002512202502229696365660                          202502220961350723
1   2025-02-21 12:07:24             河南烩面羊汤胡辣汤                                                      美团收银909700197703122272  支出    0.0   支付成功                   4200002518202502216720084390                   0461368605633901183406463
2   2025-02-19 12:33:41  昆仑人的私家小厨（骏豪·中央公园广场店）                                                Meituan-昆仑人的私家小厨（骏豪·中央公园广场店）  支出    0.0   支付成功                   4200002563202502198202066642                   0461368605630632964608004
3   2025-02-18 18:52:19                    妮妮                                                                         亲属卡  支出    0.0   支付成功                   4200002563202502187092875155            20250218185159U28335029700323826
4   2025-02-18 18:11:02                    妮妮                                                                   转账备注:微信转账  收入    0.0  已存入零钱                1000050001202502182528087543397                                           /
5   2025-02-18 12:33:04                    营仔                                                                 收款方备注:二维码收款  支出    0.0    已转账           100004990125021800058221549840259235            10000499012025021801110921576519
6   2025-02-17 14:49:48         luckin coffee                                                                        订单付款  支出    0.0   支付成功                   4200002599202502173828222415                        10116754322724061194
7   2025-02-14 21:40:37                    妮妮                                                                         亲属卡  支出    0.0   支付成功                   4200002550202502146064264367            20250214214030U56961133036570975
8   2025-02-14 21:38:10                    妮妮                                                                         亲属卡  支出    0.0   支付成功                   4200002561202502143145427305            20250214213803U50787244032818524
9   2025-02-14 18:47:59                    妮妮                                                                         亲属卡  支出    0.0   支付成功                   4200002526202502149312767262            20250214184737U21863039100044629
10  2025-02-14 14:02:49         luckin coffee                                                                        订单付款  支出    0.0   支付成功                   4200002607202502141062132680                        10116736738859876354
11  2025-02-13 13:39:36                    妮妮                                                                           /  收入    0.0  已存入零钱                1000039801000502136012187186436             1000039801202502136012187186436
12  2025-02-13 08:53:48                   翟国峰                                                                           /  收入    0.0  已存入零钱             1000040501202502125030262983474165                                           /
13  2025-02-12 19:46:49                    妮妮                                                                         亲属卡  支出    0.0   支付成功                   4200002540202502124470102899            20250212194638U22561103996405189
14  2025-02-12 16:59:51                    妮妮                                                                         亲属卡  支出    0.0   支付成功                   4200002630202502121024282802                2025021211074374246270140416
15  2025-02-11 13:23:32                    妮妮                                                                   转账备注:微信转账  支出    0.0  对方已收钱               53010000821081202502110120393558             1000050001202502112421413430489
16  2025-02-10 18:45:54                    妮妮                                                                         亲属卡  支出    0.0   支付成功                   4200002566202502101486008914            20250210184543U21584691691853529
17  2025-02-08 13:13:29                    妮妮                                                                   转账备注:微信转账  支出    0.0  对方已收钱               53010000819142202502083377519285             1000050001202502081028817749211
18  2025-02-06 20:06:40               绿能充锋充电桩                                                                 换电充值中心-钱包充值  支出    0.0   支付成功                   4200002610202502069812068798            5bae30aab1e24a23a967da24d196abe6
19  2025-02-06 20:06:24               绿能充锋充电桩                                                                 换电充值中心-钱包充值  支出    0.0   支付成功                   4200002591202502067465321042            67580920146f40efaeaf53c44ab6133f
20  2025-02-06 19:49:19               天空之镜连锁店  天空之镜（望京SOHO店）_10021002502061949130745785854853_802502061949131845785850993  支出    0.0   支付成功                   4200002556202502065725117590            10031102502061949130875785858094
21  2025-02-02 20:44:17        优酷信息技术（北京）有限公司                                                                  VIP会员 连续包月  支出    0.0   支付成功                   4200002621202502020320572076                         20250202P7826204382
22  2025-01-30 19:12:55                     /                                                                           /  收入    0.0  已全额退款                1000039901202501296097412328319
23  2025-01-30 14:32:58                  红包入账                                                                           /  收入    0.0    已到账  160598306825013010108004121624679238122235552  131000400068401268071382025013005235998388
24  2025-01-30 09:55:45                     /                                                                   转账备注:微信转账  收入    0.0  已全额退款        132100005020108202501300011704006794235
25  2025-01-29 22:17:47                    爸爸                                                                   转账备注:微信转账  收入    0.0  已存入零钱                1000050001202501292529333203311                                           /
26  2025-01-29 19:12:51                  发给付平                                                                           /  支出    0.0  已全额退款           100003990125012900017222026909463235             1000039901202501296097412328319
27  2025-01-29 14:42:27             批发丨三里烟花爆竹                                                                 收款方备注:二维码收款  支出    0.0    已转账           100004990125012900058221908528158235            10000499012025012901490465008598
28  2025-01-29 11:38:45               静谧而安！！！                                                                 收款方备注:二维码收款  支出    0.0    已转账           100004990125012900058221899688388235            10000499012025012901761710633578
29  2025-01-29 09:55:43                    叔叔                                                                   转账备注:微信转账  支出    0.0  已全额退款               53010000866154202501290085823156             1000050001202501292625031737902
30  2025-01-28 23:11:59                   李小科                                                                           /  收入    0.0  已存入零钱                1000039901004501286286081286185             1000039901202501286286081286185
31  2025-01-28 22:58:04                     /                                                                   转账备注:微信转账  收入    0.0  已全额退款        132100005020108202501280011669736923235
32  2025-01-28 22:30:59                    妮妮                                                                         亲属卡  支出    0.0   支付成功                   4200002549202501280008186069                product_SZ_20250128845532034
33  2025-01-28 22:27:51                    妮妮                                                                         亲属卡  支出    0.0   支付成功                   4200002607202501285478740160                product_SZ_20250128845436862
34  2025-01-28 22:23:57                    妮妮                                                                         亲属卡  支出    0.0   支付成功                   4200002617202501284923623342                product_SZ_20250128845180617
35  2025-01-28 22:22:28                    妮妮                                                                         亲属卡  支出    0.0   支付成功                   4200002517202501282804435185                product_SZ_20250128173446588
36  2025-01-28 22:22:09                    妮妮                                                                         亲属卡  支出    0.0   支付成功                   4200002492202501282325573473                product_SZ_20250128845394811
37  2025-01-28 22:04:44                    妮妮                                                                   转账备注:微信转账  支出    0.0  对方已退还               53010000819022202501281577328529             1000050001202501280128685584937
38  2025-01-28 21:47:47                   李小科                                                                           /  收入    0.0  已存入零钱                1000039901011501286356605683309             1000039901202501286356605683309
39  2025-01-28 20:03:53                    爸爸                                                                           /  收入    0.0  已存入零钱                1000039901000501286294107230533             1000039901202501286294107230533
40  2025-01-28 20:00:20                     秀                                                                           /  收入    0.0  已存入零钱                1000039901006501286385317441395             1000039901202501286385317441395
41  2025-01-28 19:57:00                    妈妈                                                                           /  收入    0.0  已存入零钱                1000039901000501287227210285016             1000039901202501287227210285016
42  2025-01-28 19:55:56                     云                                                                           /  收入    0.0  已存入零钱                1000039901001501286199909363716             1000039901202501286199909363716
43  2025-01-28 19:55:51                 发出群红包                                                                           /  支出    0.0   支付成功           100003990125012800017221961475635235             1000039901202501286199909363716
44  2025-01-28 19:49:51                  发给妮妮                                                                           /  支出    0.0   支付成功           100003990125012800017221961086777235             1000039901202501286184376191495
45  2025-01-28 19:41:05                    刘芳                                                                           /  收入    0.0  已存入零钱                1000039901000501286063073544664             1000039901202501286063073544664
46  2025-01-28 15:09:53              铁塔能源有限公司                                                                        购买钱包  支出    0.0   支付成功                   4200002552202501289771524892               HDF20250128150947262840486493
47  2025-01-22 18:29:39                    妮妮                                                                   转账备注:微信转账  支出    0.0  对方已收钱               53010000860191202501221765676551             1000050001202501220227187598935
48  2025-01-22 12:27:39                   便利蜂                                                                       便利蜂购物  支出    0.0   支付成功                   4200002569202501228320829690                              21299025875783
49  2025-01-20 10:03:29                 发出群红包                                                                           /  支出    0.0   支付成功           100003990125012000017222366465095235             1000039901202501206263904950127
50  2025-01-20 10:03:23                     /                                                            转账备注:刘云岑，2025年党费  收入    0.0  已全额退款        132100005020108202501200011592448249235
51  2025-01-20 10:02:07              苗圃社区 杨永琴                                                            转账备注:刘云岑，2025年党费  支出    0.0  对方已退还               53010000858112202501200198125934             1000050001202501201221499801464
52  2025-01-19 19:06:56                    妮妮                                                                   转账备注:微信转账  收入    0.0  已存入零钱                1000050001202501192229205544350                                           /
53  2025-01-17 14:58:06                  发给妮妮                                                                           /  支出    0.0   支付成功           100003990125011700017222224145168235             1000039901202501176134792712671
54  2025-01-12 19:59:05                  顺丰速运                                                                   散单运费-顺丰速运  支出    0.0   支付成功                   4200002489202501120605214030                          202501120786560992
55  2025-01-11 18:55:17                    妮妮                                                                   转账备注:微信转账  支出    0.0  对方已收钱               53010001453214202501113238264993             1000050001202501111829398007909
56  2025-01-09 11:18:06               发给九江谢老师                                                                           /  支出    0.0   支付成功           100003990125010900017221737364359235             1000039901202501096008944421023
57  2025-01-06 21:05:29                    妮妮                                                                   转账备注:微信转账  支出    0.0  对方已收钱               53010001160235202501064064000998             1000050001202501060122436885686
58  2025-01-03 10:55:06                 发给马丽芳                                                                           /  支出    0.0   支付成功           100003980125010300017222314887337235             1000039801202501036181555412889
59  2025-01-02 20:44:21        优酷信息技术（北京）有限公司                                                                  VIP会员 连续包月  支出    0.0   支付成功                   4200002454202501020241998734                         20250102P7723332496

支出总额: 0.00 元


========================================================================================

==================== alipay_record_20250319_090522.csv ====================
成功读取支付宝账单
共 274 条交易记录

交易明细:
                    交易时间                     交易对方                                        商品说明   收/支        金额  交易状态                                                             交易订单号                                        商家订单号
0    2025-02-28 23:26:25                    北京一卡通                                     北京一卡通充值    支出      3.20  交易成功                                      2025022823001453511459428177                       D120250228232625517426
1    2025-02-28 19:41:54                     哈啰出行                                 哈啰单车卡抵扣骑行费用    支出      0.00  交易成功                                      2025022823001453511401427459                 CPR250228194154057185434485Y
2    2025-02-28 12:07:37                        慧                                       收钱码收款    支出     18.00  交易成功                                      2025022822001453511400032412                      47407156569722358353510
3    2025-02-28 11:50:22                    北京一卡通                                     北京一卡通充值    支出      3.20  交易成功                                      2025022823001453511459916174                       D120250228115022273724
4    2025-02-28 08:31:38                     哈啰出行                                 哈啰单车卡抵扣骑行费用    支出      0.00  交易成功                                      2025022823001453511459883115                 CPR250228083138198185434485G
5    2025-02-28 02:12:19                   招商财富宝A                         余额宝-2025.02.27-收益发放    收入      3.03  交易成功                                              20250228346583779511
6    2025-02-27 22:17:35                    北京一卡通                                     北京一卡通充值    支出      3.20  交易成功                                      2025022723001453511456025555                       D120250227221735115299
7    2025-02-27 18:43:16                     哈啰出行                                 哈啰单车卡抵扣骑行费用    支出      0.00  交易成功                                      2025022723001453511455787392                 CPR250227184316162185434485C
8    2025-02-27 12:05:57                        慧                                       收钱码收款    支出     28.00  交易成功                                      2025022722001453511455247162                      47406291571722358353510
9    2025-02-27 11:58:26                    北京一卡通                                     北京一卡通充值    支出      3.20  交易成功                                      2025022723001453511455639578                       D120250227115826936014
10   2025-02-27 09:02:45                      胜**            雀巢咖啡奶香拿铁三合一速溶咖啡雀巢奶香咖啡30条*4盒官方旗舰店    支出      0.00  支付成功                                      2025022722001153511453842551                     T200P2480501354203872873
11   2025-02-27 08:37:02                     哈啰出行                                 哈啰单车卡抵扣骑行费用    支出      0.00  交易成功                                      2025022723001453511455639523                 CPR250227083702697185434485B
12   2025-02-27 02:38:45                   招商财富宝A                         余额宝-2025.02.26-收益发放    收入      3.24  交易成功                                              20250227337631675511
13   2025-02-26 22:04:34                    北京一卡通                                     北京一卡通充值    支出      3.20  交易成功                                      2025022623001453511452341438                       D120250226220434790295
14   2025-02-26 18:31:15                     哈啰出行                                 哈啰单车卡抵扣骑行费用    支出      0.00  交易成功                                      2025022623001453511452065305                 CPR250226183115423185434485K
15   2025-02-26 18:23:01                      黄佳妮                                      退款-亲情卡  不计收支      0.15  退款成功     2025022604200131001000783681_20250226300002007496311257197606                 2025022622001196311414725872
16   2025-02-26 18:00:04                      黄佳妮                                         亲情卡    支出     52.06  交易成功                                      2025022604200131001000783681                 2025022622001196311414725872
17   2025-02-26 12:35:23     昆仑人的私家小厨（骏豪·中央公园广场店）                Meituan-昆仑人的私家小厨（骏豪·中央公园广场店）    支出     14.80  交易成功                                      2025022622001453511451732732  4520180330024764010461368605643886549608004
18   2025-02-26 11:57:36                    北京一卡通                                     北京一卡通充值    支出      3.20  交易成功                                      2025022623001453511452361952                       D120250226115736616725
19   2025-02-26 10:09:24                      阿里云                                     阿里云服务购买    支出    805.00  交易成功                                      2025022622001453511451775144                          HJPGP11850296390525
20   2025-02-26 02:15:48                   招商财富宝A                         余额宝-2025.02.25-收益发放    收入      3.44  交易成功                                              20250226331955859511
21   2025-02-25 22:08:52                    北京一卡通                                     北京一卡通充值    支出      3.20  交易成功                                      2025022523001453511448426064                       D120250225220852467677
22   2025-02-25 12:32:16     昆仑人的私家小厨（骏豪·中央公园广场店）                Meituan-昆仑人的私家小厨（骏豪·中央公园广场店）    支出     14.90  交易成功                                      2025022522001453511448375006  2020180330024764010461368605642162420908004
23   2025-02-25 11:58:05                    北京一卡通                                     北京一卡通充值    支出      3.20  交易成功                                      2025022523001453511448731201                       D120250225115805296175
24   2025-02-25 08:35:01                     哈啰出行                                 哈啰单车卡抵扣骑行费用    支出      0.00  交易成功                                      2025022523001453511448497961                 CPR250225083501607185434485M
25   2025-02-25 02:01:38                   招商财富宝A                         余额宝-2025.02.24-收益发放    收入      3.37  交易成功                                              20250225325774838511
26   2025-02-24 22:02:33                    北京一卡通                                     北京一卡通充值    支出      3.20  交易成功                                      2025022423001453511444671786                       D120250224220233143286
27   2025-02-24 12:37:32     昆仑人的私家小厨（骏豪·中央公园广场店）                Meituan-昆仑人的私家小厨（骏豪·中央公园广场店）    支出     15.00  交易成功                                      2025022422001453511446304641  0120180330024764010461368605640487723608004
28   2025-02-24 12:04:37                    北京一卡通                                     北京一卡通充值    支出      3.20  交易成功                                      2025022423001453511443411349                       D120250224120437968325
29   2025-02-24 02:06:48                   招商财富宝A                         余额宝-2025.02.23-收益发放    收入      3.20  交易成功                                              20250224320216800511
30   2025-02-23 02:26:16                   招商财富宝A                         余额宝-2025.02.22-收益发放    收入      3.20  交易成功                                              20250223319433077511
31   2025-02-22 02:09:31                   招商财富宝A                         余额宝-2025.02.21-收益发放    收入      3.13  交易成功                                              20250222310118049511
32   2025-02-21 23:55:01                    北京一卡通                                     北京一卡通充值    支出      3.20  交易成功                                      2025022123001453511434090200                       D120250221235501340577
33   2025-02-21 13:40:18                     美团金融                    美团订单-【美团月付】主动还款2025年2月账单    支出    259.94  交易成功                                      2025022122001453511433398344             20250221134012U15368804025280688
34   2025-02-21 11:57:09                    北京一卡通                                     北京一卡通充值    支出      3.20  交易成功                                      2025022123001453511433244985                       D120250221115709122401
35   2025-02-21 08:58:23                     哈啰出行                                 哈啰单车卡抵扣骑行费用    支出      0.00  交易成功                                      2025022123001453511430060909                 CPR250221085823080185434485P
36   2025-02-21 02:06:48                   招商财富宝A                         余额宝-2025.02.20-收益发放    收入      3.22  交易成功                                              20250221304818411511
37   2025-02-20 22:09:28                    北京一卡通                                     北京一卡通充值    支出      3.20  交易成功                                      2025022023001453511430284159                       D120250220220928970558
38   2025-02-20 18:33:32                     哈啰出行                                 哈啰单车卡抵扣骑行费用    支出      0.00  交易成功                                      2025022023001453511430868329                 CPR250220183332205185434485V
39   2025-02-20 12:31:44     昆仑人的私家小厨（骏豪·中央公园广场店）                Meituan-昆仑人的私家小厨（骏豪·中央公园广场店）    支出     15.00  交易成功                                      2025022022001453511429806725  6920180330024764010461368605632335879908004
40   2025-02-20 12:02:40                    北京一卡通                                     北京一卡通充值    支出      4.00  交易成功                                      2025022023001453511426265667                       D120250220120240785695
41   2025-02-20 09:05:33                       花呗                           花呗主动还款-2025年03月账单  不计收支   1336.82  还款成功                                      2025022029020999510166273039
42   2025-02-20 08:39:10                     哈啰出行                                 哈啰单车卡抵扣骑行费用    支出      0.00  交易成功                                      2025022023001453511427190836                 CPR250220083910426185434485Y
43   2025-02-20 02:07:13                   招商财富宝A                         余额宝-2025.02.19-收益发放    收入      3.20  交易成功                                              20250220301026128511
44   2025-02-19 22:04:09                    北京一卡通                                     北京一卡通充值    支出      4.00  交易成功                                      2025021923001453511426639867                       D120250219220409631191
45   2025-02-19 19:42:42                      余额宝                                    转账收款到余额宝    支出      1.00  交易成功                                  20250219019130125000510087947965             20250219200040011100170089635396
46   2025-02-19 19:42:37                     暴龙战士                                          转账    收入      1.00  交易成功                                  20250219200040011100170089635396
47   2025-02-19 19:38:54                暴龙战士(**蓥)                                          转账    支出    260.00  交易成功                                  20250219200040011100510041708376
48   2025-02-19 13:33:27                    北京一卡通                                     北京一卡通充值    支出      4.00  交易成功                                      2025021923001453511426263929                       D120250219133327469704
49   2025-02-19 08:42:50                     哈啰出行                                 哈啰单车卡抵扣骑行费用    支出      0.00  交易成功                                      2025021923001453511422282195                 CPR250219084250476185434485Z
50   2025-02-19 02:10:22                   招商财富宝A                         余额宝-2025.02.18-收益发放    收入      3.73  交易成功                                              20250219393270080511
51   2025-02-18 22:09:33                    北京一卡通                                     北京一卡通充值    支出      4.00  交易成功                                      2025021823001453511424988648                       D120250218220933297639
52   2025-02-18 12:04:02                    北京一卡通                                     北京一卡通充值    支出      4.00  交易成功                                      2025021823001453511419959100                       D120250218120402116903
53   2025-02-18 04:29:36  App Store & Apple Music             App Store & Apple Music；02.18购买    支出      6.00  交易成功                                      2025021822001453511420572634                                 MT8XVBF513a0
54   2025-02-18 02:09:27                   招商财富宝A                         余额宝-2025.02.17-收益发放    收入      4.02  交易成功                                              20250218387271709511
55   2025-02-17 22:09:08                    北京一卡通                                     北京一卡通充值    支出      4.00  交易成功                                      2025021723001453511419582611                       D120250217220908956234
56   2025-02-17 19:50:20            北京市燃气集团有限责任公司                           北京燃气CPU卡表购气200立方米    支出    522.00  交易成功                                      2025021722001453511419066316                                ZMC5189908876
57   2025-02-17 18:33:10                     哈啰出行                                 哈啰单车卡抵扣骑行费用    支出      0.00  交易成功                                      2025021723001453511419932052                 CPR250217183310476185434485W
58   2025-02-17 18:04:51                      黄佳妮                                      退款-亲情卡  不计收支      0.11  退款成功     2025021704200131001098556203_20250217300002007396311249538258                 2025021722001196311439756753
59   2025-02-17 17:22:40                      黄佳妮                                         亲情卡    支出     53.16  交易成功                                      2025021704200131001098556203                 2025021722001196311439756753
60   2025-02-17 12:25:46                        慧                                       收钱码收款    支出     28.00  交易成功                                      2025021722001453511414226455                      47397663463722358353510
61   2025-02-17 12:14:27                      余额宝                                    余额宝-单次转入    支出  25000.00  交易成功                                  20250217019130100010510084884958         LC2025021712142720887223583535104751
62   2025-02-17 12:10:34                    北京一卡通                                     北京一卡通充值    支出      4.00  交易成功                                      2025021723001453511413662757                       D120250217121034776824
63   2025-02-17 08:43:59                     哈啰出行                                 哈啰单车卡抵扣骑行费用    支出      0.00  交易成功                                      2025021723001453511414611104                 CPR250217084359008185434485J
64   2025-02-17 02:10:21                   招商财富宝A                         余额宝-2025.02.16-收益发放    收入      2.04  交易成功                                              20250217382598549511
65   2025-02-16 20:19:15                    tb**8         PC PS5 线上刷钱 美金等级 金币七维属性线上模式 纯手工大镖客2    支出    100.00  交易成功                                      2025021622001153511414453433                     T200P2468977359231872873
66   2025-02-16 02:04:17                   招商财富宝A                         余额宝-2025.02.15-收益发放    收入      2.04  交易成功                                              20250216376896483511
67   2025-02-15 20:14:23                      黄佳妮                                      退款-亲情卡  不计收支      0.14  退款成功     2025021504200131001098097880_20250215300002008196311248553456                 2025021522001196311432038905
68   2025-02-15 20:14:20                      黄佳妮                                      退款-亲情卡  不计收支      0.79  退款成功     2025021504200131001098097880_20250215300002008196311248663142                 2025021522001196311432038905
69   2025-02-15 19:59:53                      黄佳妮                                         亲情卡    支出     64.80  交易成功                                      2025021504200131001098097880                 2025021522001196311432038905
70   2025-02-15 02:11:44                   招商财富宝A                         余额宝-2025.02.14-收益发放    收入      2.71  交易成功                                              20250215372221856511
71   2025-02-14 21:56:21                    北京一卡通                                     北京一卡通充值    支出      4.00  交易成功                                      2025021423001453511407154218                       D120250214215621156734
72   2025-02-14 18:33:00                     哈啰出行                                 哈啰单车骑行卡自动续费    支出     16.80  交易成功                                      2025021423001453511405643792                 CPR250214183300195185434485P
73   2025-02-14 12:11:27                        慧                                       收钱码收款    支出     18.00  交易成功                                      2025021422001453511403495298                      47395062877722358353510
74   2025-02-14 11:52:55                    北京一卡通                                     北京一卡通充值    支出      4.00  交易成功                                      2025021423001453511403969453                       D120250214115255962329
75   2025-02-14 02:04:46                   招商财富宝A                         余额宝-2025.02.13-收益发放    收入      2.11  交易成功                                              20250214370105981511
76   2025-02-13 22:57:35                    北京一卡通                                     北京一卡通充值    支出      4.00  交易成功                                      2025021323001453511404438392                       D120250213225735820248
77   2025-02-13 19:20:54                     哈啰出行                                 哈啰单车卡抵扣骑行费用    支出      0.00  交易成功                                      2025021323001453511404371525                 CPR250213192054519185434485B
78   2025-02-13 12:30:53     昆仑人的私家小厨（骏豪·中央公园广场店）                Meituan-昆仑人的私家小厨（骏豪·中央公园广场店）    支出     15.00  交易成功                                      2025021322001453511459324283  4520180330024764010461368605618509274108004
79   2025-02-13 11:52:01                    北京一卡通                                     北京一卡通充值    支出      4.00  交易成功                                      2025021323001453511400688464                       D120250213115201633959
80   2025-02-13 02:13:11                   招商财富宝A                         余额宝-2025.02.12-收益发放    收入      2.40  交易成功                                              20250213364821182511
81   2025-02-13 00:01:25                    tb**0  STEAM EPIC PS5 XBOX 线上模式 刷钱金币 美元美金 等级 线下故事    支出     78.00  交易成功                                      2025021322001153511401240516                     T200P2465651750473872873
82   2025-02-12 22:09:27                    北京一卡通                                     北京一卡通充值    支出      4.00  交易成功                                      2025021223001453511400689818                       D120250212220927488754
83   2025-02-12 12:24:07     昆仑人的私家小厨（骏豪·中央公园广场店）                Meituan-昆仑人的私家小厨（骏豪·中央公园广场店）    支出     15.00  交易成功                                      2025021222001453511456018603  3520180330024764010461368605616580436408004
84   2025-02-12 11:53:36                    北京一卡通                                     北京一卡通充值    支出      4.00  交易成功                                      2025021223001453511455918864                       D120250212115336310496
85   2025-02-12 05:17:26  App Store & Apple Music             App Store & Apple Music；02.12购买    支出     12.00  交易成功                                      2025021222001453511456994756                                 MT8XTQVG4Ka0
86   2025-02-12 02:05:13                   招商财富宝A                         余额宝-2025.02.11-收益发放    收入      2.44  交易成功                                              20250212356354711511
87   2025-02-12 01:15:52  App Store & Apple Music             App Store & Apple Music；02.12购买    支出    198.00  交易成功                                      2025021222001453511455988287                                 MT8XTQVD25a0
88   2025-02-12 01:14:22  App Store & Apple Music             App Store & Apple Music；02.12购买    支出    128.00  交易成功                                      2025021222001453511458680971                                 MT8XTQV92Ha0
89   2025-02-11 21:59:21                    北京一卡通                                     北京一卡通充值    支出      4.00  交易成功                                      2025021123001453511457051858                       D120250211215921170134
90   2025-02-11 18:51:47                     哈啰出行                                 哈啰单车卡抵扣骑行费用    支出      0.00  交易成功                                      2025021123001453511455933260                 CPR250211185147817185434485G
91   2025-02-11 12:27:08     昆仑人的私家小厨（骏豪·中央公园广场店）                Meituan-昆仑人的私家小厨（骏豪·中央公园广场店）    支出     15.00  交易成功                                      2025021122001453511451733804  7420180330024764010461368605614757655408004
92   2025-02-11 11:52:36                    北京一卡通                                     北京一卡通充值    支出      4.00  交易成功                                      2025021123001453511451508404                       D120250211115236004593
93   2025-02-11 08:38:21                     哈啰出行                                 哈啰单车卡抵扣骑行费用    支出      0.00  交易成功                                      2025021123001453511451445416                 CPR250211083821595185434485L
94   2025-02-11 02:04:33                   招商财富宝A                         余额宝-2025.02.10-收益发放    收入      4.68  交易成功                                              20250211353740577511
95   2025-02-10 22:10:03                    北京一卡通                                     北京一卡通充值    支出      4.00  交易成功                                      2025021023001453511455136840                       D120250210221003861603
96   2025-02-10 18:27:30                     哈啰出行                                 哈啰单车卡抵扣骑行费用    支出      0.00  交易成功                                      2025021023001453511453623378                 CPR250210182729993185434485Y
97   2025-02-10 12:30:41     昆仑人的私家小厨（骏豪·中央公园广场店）                Meituan-昆仑人的私家小厨（骏豪·中央公园广场店）    支出     15.00  交易成功                                      2025021022001453511448580649  3620180330024764010461368605612741173408004
98   2025-02-10 11:54:39                    北京一卡通                                     北京一卡通充值    支出      4.00  交易成功                                      2025021023001453511449932003                       D120250210115439685712
99   2025-02-10 02:09:18                   招商财富宝A                         余额宝-2025.02.09-收益发放    收入      1.96  交易成功                                              20250210349173269511
100  2025-02-09 02:00:39                   招商财富宝A                         余额宝-2025.02.08-收益发放    收入      1.94  交易成功                                              20250209343670697511
101  2025-02-08 21:50:35                    北京一卡通                                     北京一卡通充值    支出      4.00  交易成功                                      2025020823001453511443703419                       D120250208215035350081
102  2025-02-08 12:27:41     昆仑人的私家小厨（骏豪·中央公园广场店）                Meituan-昆仑人的私家小厨（骏豪·中央公园广场店）    支出     15.00  交易成功                                      2025020822001453511441264308  5720180330024764010461368605608605219808004
103  2025-02-08 11:25:32                    北京一卡通                                     北京一卡通充值    支出      4.00  交易成功                                      2025020823001453511440409442                       D120250208112532188304
104  2025-02-08 02:03:16                   招商财富宝A                         余额宝-2025.02.07-收益发放    收入      2.52  交易成功                                              20250208336936417511
105  2025-02-07 21:53:35                    北京一卡通                                     北京一卡通充值    支出      4.00  交易成功                                      2025020723001453511441050070                       D120250207215335070360
106  2025-02-07 12:27:17     昆仑人的私家小厨（骏豪·中央公园广场店）                Meituan-昆仑人的私家小厨（骏豪·中央公园广场店）    支出     15.00  交易成功                                      2025020722001453511438799625  1820180330024764010461368605606741033608004
107  2025-02-07 11:43:02                    北京一卡通                                     北京一卡通充值    支出      4.00  交易成功                                      2025020723001453511437751436                       D120250207114302921063
108  2025-02-07 08:38:03                     哈啰出行                                 哈啰单车卡抵扣骑行费用    支出      0.00  交易成功                                      2025020723001453511437659475                 CPR250207083803414185434485D
109  2025-02-07 02:14:30                   招商财富宝A                         余额宝-2025.02.06-收益发放    收入      2.34  交易成功                                              20250207330672328511
110  2025-02-06 21:58:39                    北京一卡通                                     北京一卡通充值    支出      4.00  交易成功                                      2025020623001453511436499914                       D120250206215839797610
111  2025-02-06 19:53:32                      饿了么                               福鼎肉片·肉酱拌面外卖订单    支出     23.80  交易成功                                      2025020622001153511435944849                13190600725020689619250610187
112  2025-02-06 12:13:06           石记羊汤馆（朝阳公园南门店）                      美团收银909700197272668014    支出     17.50  交易成功                                      2025020623001453511434521336  8420180330024764010461368605604764047306463
113  2025-02-06 10:24:54                    北京一卡通                                     北京一卡通充值    支出      4.00  交易成功                                      2025020623001453511436945025                       D120250206102454626669
114  2025-02-06 02:08:15                   招商财富宝A                         余额宝-2025.02.05-收益发放    收入      2.47  交易成功                                              20250206325574250511
115  2025-02-05 21:39:03                    北京一卡通                                     北京一卡通充值    支出      4.00  交易成功                                      2025020523001453511433849327                       D120250205213903509732
116  2025-02-05 18:53:26                      饿了么                               福鼎肉片·肉酱拌面外卖订单    支出     23.80  交易成功                                      2025020522001153511431994637                13180600725020513324835610187
117  2025-02-05 12:17:15     昆仑人的私家小厨（骏豪·中央公园广场店）                Meituan-昆仑人的私家小厨（骏豪·中央公园广场店）    支出     15.00  交易成功                                      2025020522001453511430822084  7120180330024764010461368605602760569808004
118  2025-02-05 11:09:51                    北京一卡通                                     北京一卡通充值    支出      4.00  交易成功                                      2025020523001453511430495839                       D120250205110951363629
119  2025-02-05 02:07:28                   招商财富宝A                         余额宝-2025.02.04-收益发放    收入      2.57  交易成功                                              20250205321016605511
120  2025-02-04 22:31:07                     高德打车                                      高德打车订单    支出     65.00  交易成功                                      2025020423001453511431775582             0003N202502040000000009589237166
121  2025-02-04 02:17:48                   招商财富宝A                         余额宝-2025.02.03-收益发放    收入      2.57  交易成功                                              20250204319122407511
122  2025-02-04 01:18:18                   老全味螺蛳粉                                       收钱码收款    支出     19.00  交易成功                                      2025020422001453511427741568                      47386030983722358353510
123  2025-02-04 00:06:32                     沉默是金                                       收钱码收款    支出      8.00  交易成功                                      2025020422001453511429017384                      17385987924722358353510
124  2025-02-03 02:06:25                   招商财富宝A                         余额宝-2025.02.02-收益发放    收入      2.57  交易成功                                              20250203311963864511
125  2025-02-02 19:31:15                       花呗                           花呗主动还款-2025年02月账单  不计收支   5568.77  还款成功                                      2025020229020999510184843822
126  2025-02-02 18:52:47                  铁路12306                                      退款-火车票  不计收支   1144.00  退款成功                   2025012022001453511438281292_M20250202271738482                            M2025012049607662
127  2025-02-02 18:52:10                  铁路12306                                      退款-火车票  不计收支   1288.00  退款成功                   2025012022001453511438281292_M20250202271723739                            M2025012049607662
128  2025-02-02 18:33:04                  铁路12306                                      退款-火车票  不计收支    180.00  退款成功                   2025012022001453511438281292_M20250202271296930                            M2025012049607662
129  2025-02-02 02:14:50                   招商财富宝A                         余额宝-2025.02.01-收益发放    收入      2.57  交易成功                                              20250202310034229511
130  2025-02-01 10:22:21                  铁路12306                                      退款-火车票  不计收支     26.00  退款成功                   2025013122001453511416887438_M20250201242478556                           M20250131234732686
131  2025-02-01 10:12:01                  铁路12306                                         火车票    支出     29.00  交易成功                                      2025020122001453511420324910                           M20250201242292608
132  2025-02-01 02:10:19                   招商财富宝A                         余额宝-2025.01.31-收益发放    收入      2.57  交易成功                                              20250201302454424511
133  2025-01-31 21:33:36                  铁路12306                                      退款-火车票  不计收支     21.50  退款成功                   2025013122001453511416922389_M20250131237426869                           M20250131230042905
134  2025-01-31 18:19:37                  铁路12306                                         火车票    支出     29.00  交易成功                                      2025013122001453511416887438                           M20250131234732686
135  2025-01-31 12:45:36                  铁路12306                                         火车票    支出     27.00  交易成功                                      2025013122001453511416922389                           M20250131230042905
136  2025-01-31 02:00:34                   招商财富宝A                         余额宝-2025.01.30-收益发放    收入      2.57  交易成功                                              20250131398873299511
137  2025-01-30 02:08:48                   招商财富宝A                         余额宝-2025.01.29-收益发放    收入      2.57  交易成功                                              20250130396932429511
138  2025-01-29 21:11:32  App Store & Apple Music             App Store & Apple Music；01.29购买    支出      6.00  交易成功                                      2025012922001453511409083034                                 MT1BJFMYZWa0
139  2025-01-29 02:01:36                   招商财富宝A                         余额宝-2025.01.28-收益发放    收入      2.57  交易成功                                              20250129389928756511
140  2025-01-28 22:47:30  App Store & Apple Music             App Store & Apple Music；01.28购买    支出    128.00  交易成功                                      2025012822001453511407370353                                 MT8XS75SMDa0
141  2025-01-28 22:45:17  App Store & Apple Music             App Store & Apple Music；01.28购买    支出    198.00  交易成功                                      2025012822001453511406291112                                 MT8XS75LKZa0
142  2025-01-28 22:40:38  App Store & Apple Music             App Store & Apple Music；01.28购买    支出    328.00  交易成功                                      2025012822001453511405046723                                 MT8XS75B1Va0
143  2025-01-28 22:40:34  App Store & Apple Music             App Store & Apple Music；01.28购买    支出     54.00  交易成功                                      2025012822001453511407156731                                 MT8XS740BTa2
144  2025-01-28 22:31:05  App Store & Apple Music          退款-App Store & Apple Music；01.28购买  不计收支     54.00  退款成功         2025012822001453511407279868_2025012822001453511407279868                                 MT8XS740BTa0
145  2025-01-28 22:20:22  App Store & Apple Music             App Store & Apple Music；01.28购买    支出     54.00  交易关闭                                      2025012822001453511407279868                                 MT8XS740BTa0
146  2025-01-28 22:16:58  App Store & Apple Music             App Store & Apple Music；01.28购买    支出     54.00  交易成功                                      2025012822001453511405424577                                 MT8XS73NN9a0
147  2025-01-28 22:06:15                      余额宝                                    转账收款到余额宝    支出   4000.00  交易成功                                  20250128019130125000510064491398             20250128200040011100310032240569
148  2025-01-28 22:06:10                      黄佳妮                                          房租    收入   4000.00  交易成功                                  20250128200040011100310032240569
149  2025-01-28 02:08:37                   招商财富宝A                         余额宝-2025.01.27-收益发放    收入      2.58  交易成功                                              20250128384223034511
150  2025-01-27 02:00:26                   招商财富宝A                         余额宝-2025.01.26-收益发放    收入      2.55  交易成功                                              20250127378757112511
151  2025-01-27 00:53:12  App Store & Apple Music     App Store & Apple Music；01.26至01.27期间购买    支出      8.00  交易成功                                      2025012722001453511459722351                                 MT1BJ4D71Ha0
152  2025-01-26 02:43:43                   招商财富宝A                         余额宝-2025.01.25-收益发放    收入      2.55  交易成功                                              20250126378056279511
153  2025-01-25 08:14:17                     高德打车                                   退款-高德打车订单  不计收支     10.44  退款成功  2025012522001453511456447141_a_10382039001910050160495144_1_1044             0001N202501250000000009517712786
154  2025-01-25 07:56:41                     高德打车                                      高德打车订单    支出     33.44  交易成功                                      2025012522001453511456447141             0001N202501250000000009517712786
155  2025-01-25 02:01:24                   招商财富宝A                         余额宝-2025.01.24-收益发放    收入      2.20  交易成功                                              20250125368389748511
156  2025-01-24 22:30:05                    北京一卡通                                     北京一卡通充值    支出      4.80  交易成功                                      2025012423001453511452288342                       D120250124223005028993
157  2025-01-24 14:53:41                     北京盒马     Nestle/雀巢 脆脆鲨 涂层威化饼干 巧克力味 18.6g*40等3类商品    支出    142.90  交易成功                                      2025012423001453511451212337                P18M6666031250124930143872873
158  2025-01-24 11:30:34                      饿了么                               匠熙小馆(望京店)外卖订单    支出     24.00  交易成功                                      2025012422001153511451806859                13110600725012430072062610187
159  2025-01-24 02:05:22                   招商财富宝A                         余额宝-2025.01.23-收益发放    收入      2.53  交易成功                                              20250124367554222511
160  2025-01-23 22:45:58                    北京一卡通                                     北京一卡通充值    支出      3.20  交易成功                                      2025012323001453511449028207                       D120250123224558774162
161  2025-01-23 19:59:28                      饿了么                               匠熙小馆(望京店)外卖订单    支出     24.00  交易成功                                      2025012322001153511450415669                13190600725012358937434610187
162  2025-01-23 12:34:51     昆仑人的私家小厨（骏豪·中央公园广场店）                Meituan-昆仑人的私家小厨（骏豪·中央公园广场店）    支出     15.00  交易成功                                      2025012322001453511449923793  4920180330024764010461368605582528378308004
163  2025-01-23 09:56:26                    北京一卡通                                     北京一卡通充值    支出      3.20  交易成功                                      2025012323001453511449197409                       D120250123095626596897
164  2025-01-23 09:00:02                     招商银行                                       信用卡还款  不计收支    145.00  还款成功                                      2025012300003001510031726190
165  2025-01-23 03:55:39  App Store & Apple Music     App Store & Apple Music；01.22至01.23期间购买    支出      1.00  交易成功                                      2025012322001453511445323114                                 MT8XQKZ6M1a0
166  2025-01-23 02:09:54                   招商财富宝A                         余额宝-2025.01.22-收益发放    收入      3.21  交易成功                                              20250123358577760511
167  2025-01-22 22:12:33                    北京一卡通                                     北京一卡通充值    支出      3.20  交易成功                                      2025012223001453511446737510                       D120250122221233490824
168  2025-01-22 18:47:29                     哈啰出行                                 哈啰单车卡抵扣骑行费用    支出      0.00  交易成功                                      2025012223001453511445831485                 CPR250122184729642185434485H
169  2025-01-22 11:38:39                    北京一卡通                                     北京一卡通充值    支出      3.20  交易成功                                      2025012223001453511445187871                       D120250122113839338355
170  2025-01-22 09:51:04                  铁路12306                                      退款-火车票  不计收支    953.50  退款成功                   2025012022001453511437878677_M20250122202194861                            M2025012049634282
171  2025-01-22 09:48:40                  铁路12306                                      退款-火车票  不计收支    953.50  退款成功                   2025012022001453511437878677_M20250122202154059                            M2025012049634282
172  2025-01-22 08:39:30                     哈啰出行                                 哈啰单车卡抵扣骑行费用    支出      0.00  交易成功                                      2025012223001453511442990449                 CPR250122083930289185434485V
173  2025-01-22 02:10:35                   招商财富宝A                         余额宝-2025.01.21-收益发放    收入      3.30  交易成功                                              20250122353156105511
174  2025-01-21 21:51:34                    北京一卡通                                     北京一卡通充值    支出      3.20  交易成功                                      2025012123001453511442982428                       D120250121215134204108
175  2025-01-21 20:24:41                     住呗公寓                                       收钱码收款    支出   8400.00  交易成功                                      2025012122001453511442977433                      47374622806722358353510
176  2025-01-21 18:27:14                     哈啰出行                                 哈啰单车卡抵扣骑行费用    支出      0.00  交易成功                                      2025012123001453511443493065                 CPR250121182714272185434485Z
177  2025-01-21 12:19:26     昆仑人的私家小厨（骏豪·中央公园广场店）                Meituan-昆仑人的私家小厨（骏豪·中央公园广场店）    支出     15.00  交易成功                                      2025012122001453511440868815  0520180330024764010461368605578434873608004
178  2025-01-21 11:52:28                    北京一卡通                                     北京一卡通充值    支出      3.20  交易成功                                      2025012123001453511441877056                       D120250121115228047682
179  2025-01-21 02:15:20                   招商财富宝A                         余额宝-2025.01.20-收益发放    收入      3.39  交易成功                                              20250121346971492511
180  2025-01-20 21:56:01                    北京一卡通                                     北京一卡通充值    支出      3.20  交易成功                                      2025012023001453511438494775                       D120250120215601909271
181  2025-01-20 18:09:09                  铁路12306                                      退款-火车票  不计收支    842.50  退款成功                   2025011022001453511401733682_M20250120273146845                            M2025011056999222
182  2025-01-20 16:12:05                  铁路12306                                         火车票    支出   1907.00  交易关闭                                      2025012022001453511437878677                            M2025012049634282
183  2025-01-20 16:09:45                  铁路12306                                         火车票    支出   3220.00  交易成功                                      2025012022001453511438281292                            M2025012049607662
184  2025-01-20 15:38:27                  铁路12306                                      退款-火车票  不计收支     37.50  退款成功                   2025011022001453511459012177_M20250120270046260                           M20250110201394858
185  2025-01-20 12:32:44     昆仑人的私家小厨（骏豪·中央公园广场店）                Meituan-昆仑人的私家小厨（骏豪·中央公园广场店）    支出     15.00  交易成功                                      2025012022001453511437509947  8420180330024764010461368605576529220008004
186  2025-01-20 11:52:57                    北京一卡通                                     北京一卡通充值    支出      4.00  交易成功                                      2025012023001453511438395644                       D120250120115257743801
187  2025-01-20 02:00:49                   招商财富宝A                         余额宝-2025.01.19-收益发放    收入      2.86  交易成功                                              20250120342224526511
188  2025-01-19 18:40:10  App Store & Apple Music             App Store & Apple Music；01.19购买    支出    128.00  交易成功                                      2025011922001453511434285634                                 MT8XQ8512Wa0
189  2025-01-19 18:33:36  App Store & Apple Music             App Store & Apple Music；01.19购买    支出    916.00  交易成功                                      2025011922001453511432212727                                 MT8XQ84NKBa0
190  2025-01-19 02:51:23                   招商财富宝A                         余额宝-2025.01.18-收益发放    收入      2.86  交易成功                                              20250119337835875511
191  2025-01-18 18:15:38  App Store & Apple Music             App Store & Apple Music；01.18购买    支出     18.00  交易成功                                      2025011822001453511429945922                                 MT8XQ5987Ya0
192  2025-01-18 12:48:44                  铁路12306                                      退款-火车票  不计收支    698.00  退款成功                   2025011722001453511427651203_M20250118236521739                            M2025011724030126
193  2025-01-18 09:30:57                  铁路12306                                         火车票    支出    426.50  交易成功                                      2025011822001453511430425543                            M2025011828277078
194  2025-01-18 02:06:51                   招商财富宝A                         余额宝-2025.01.17-收益发放    收入      2.86  交易成功                                              20250118331103306511
195  2025-01-18 01:04:19  App Store & Apple Music             App Store & Apple Music；01.18购买    支出   1298.00  交易成功                                      2025011822001453511426863100                                 MT8XQ3MNGFa0
196  2025-01-17 22:09:08                    北京一卡通                                     北京一卡通充值    支出      4.00  交易成功                                      2025011723001453511425281043                       D120250117220908192662
197  2025-01-17 18:37:07                     哈啰出行                                 哈啰单车卡抵扣骑行费用    支出      0.00  交易成功                                      2025011723001453511428546880                 CPR250117183707891185434485M
198  2025-01-17 16:46:14                  铁路12306                                         火车票    支出    698.00  交易关闭                                      2025011722001453511427651203                            M2025011724030126
199  2025-01-17 16:45:15                  铁路12306                                      退款-火车票  不计收支    268.50  退款成功                   2025011722001453511424450727_M20250117225377102                           M20250117219351330
200  2025-01-17 12:25:49     昆仑人的私家小厨（骏豪·中央公园广场店）                Meituan-昆仑人的私家小厨（骏豪·中央公园广场店）    支出     15.00  交易成功                                      2025011722001453511426591091  7120180330024764010461368605570020832608004
201  2025-01-17 11:51:26                    北京一卡通                                     北京一卡通充值    支出      4.00  交易成功                                      2025011723001453511426277101                       D120250117115125012128
202  2025-01-17 10:16:31                  铁路12306                                         火车票    支出    268.50  交易关闭                                      2025011722001453511424450727                           M20250117219351330
203  2025-01-17 02:07:12                   招商财富宝A                         余额宝-2025.01.16-收益发放    收入      2.58  交易成功                                              20250117328984631511
204  2025-01-17 00:17:56                    Steam                              Steam Purchase    支出    198.00  交易成功                                      2025011722001453511423821164              2025011619074101000060037371859
205  2025-01-16 22:43:52                    北京一卡通                                     北京一卡通充值    支出      4.00  交易成功                                      2025011623001453511422161661                       D120250116224352874953
206  2025-01-16 12:15:00     昆仑人的私家小厨（骏豪·中央公园广场店）                Meituan-昆仑人的私家小厨（骏豪·中央公园广场店）    支出     15.00  交易成功                                      2025011622001453511424602903  4120180330024764010461368605567963480308004
207  2025-01-16 11:58:00                    北京一卡通                                     北京一卡通充值    支出      4.00  交易成功                                      2025011623001453511422498265                       D120250116115800695756
208  2025-01-16 02:19:13                   招商财富宝A                         余额宝-2025.01.15-收益发放    收入      2.48  交易成功                                              20250116320707984511
209  2025-01-15 23:01:29                    北京一卡通                                     北京一卡通充值    支出      4.00  交易成功                                      2025011523001453511420097610                       D120250115230129563949
210  2025-01-15 18:29:19                     哈啰出行                                 哈啰单车卡抵扣骑行费用    支出      0.00  交易成功                                      2025011523001453511419078822                 CPR250115182919092185434485P
211  2025-01-15 16:29:52                     哈啰出行                                 哈啰单车骑行卡自动续费    支出     16.80  交易成功                                      2025011523001453511419852848                 CPR250115162952210185434485R
212  2025-01-15 12:25:55     昆仑人的私家小厨（骏豪·中央公园广场店）                Meituan-昆仑人的私家小厨（骏豪·中央公园广场店）    支出     15.00  交易成功                                      2025011522001453511419638707  9720180330024764010461368605566063258008004
213  2025-01-15 11:55:34                    北京一卡通                                     北京一卡通充值    支出      4.00  交易成功                                      2025011523001453511420212901                       D120250115115534378899
214  2025-01-15 02:32:21                   招商财富宝A                         余额宝-2025.01.14-收益发放    收入      2.57  交易成功                                              20250115315599104511
215  2025-01-14 21:58:29                    北京一卡通                                     北京一卡通充值    支出      4.00  交易成功                                      2025011423001453511416549288                       D120250114215829231113
216  2025-01-14 18:56:55                      黄佳妮                                         亲情卡    支出     51.70  交易成功                                      2025011404200131001091671104                 2025011422001196311436834300
217  2025-01-14 18:28:07                     哈啰出行                                 哈啰单车卡抵扣骑行费用    支出      0.00  交易成功                                      2025011423001453511416029842                 CPR250114182806897185434485C
218  2025-01-14 12:26:16     昆仑人的私家小厨（骏豪·中央公园广场店）                Meituan-昆仑人的私家小厨（骏豪·中央公园广场店）    支出     15.00  交易成功                                      2025011422001453511414675545  7720180330024764010461368605564195440908004
219  2025-01-14 12:20:25                    北京一卡通                                     北京一卡通充值    支出      4.00  交易成功                                      2025011423001453511415520831                       D120250114122025071400
220  2025-01-14 02:31:16                   招商财富宝A                         余额宝-2025.01.13-收益发放    收入      3.12  交易成功                                              20250114313764978511
221  2025-01-13 22:00:26                    北京一卡通                                     北京一卡通充值    支出      4.00  交易成功                                      2025011323001453511412850067                       D120250113220026915791
222  2025-01-13 18:27:52                     哈啰出行                                 哈啰单车卡抵扣骑行费用    支出      0.00  交易成功                                      2025011323001453511413181047                 CPR250113182752298185434485Q
223  2025-01-13 12:14:59     昆仑人的私家小厨（骏豪·中央公园广场店）                Meituan-昆仑人的私家小厨（骏豪·中央公园广场店）    支出     15.00  交易成功                                      2025011322001453511409800617  4520180330024764010461368605562408326108004
224  2025-01-13 12:00:24                    北京一卡通                                     北京一卡通充值    支出      4.00  交易成功                                      2025011323001453511409067272                       D120250113120024742377
225  2025-01-13 02:15:45                   招商财富宝A                         余额宝-2025.01.12-收益发放    收入      2.12  交易成功                                              20250113304905930511
226  2025-01-12 09:42:56  App Store & Apple Music             App Store & Apple Music；01.12购买    支出      1.00  交易成功                                      2025011222001453511405924768                                 MT8XNHJWK6a0
227  2025-01-12 05:42:48  App Store & Apple Music             App Store & Apple Music；01.12购买    支出      1.00  交易成功                                      2025011222001453511407847872                                 MT8XNHJWFNa0
228  2025-01-12 02:11:46                   招商财富宝A                         余额宝-2025.01.11-收益发放    收入      2.12  交易成功                                              20250112303332027511
229  2025-01-11 02:28:26                   招商财富宝A                         余额宝-2025.01.10-收益发放    收入      2.59  交易成功                                              20250111393880004511
230  2025-01-10 22:10:39                    北京一卡通                                     北京一卡通充值    支出      4.00  交易成功                                      2025011023001453511402852115                       D120250110221039154531
231  2025-01-10 18:33:03                     哈啰出行                                 哈啰单车卡抵扣骑行费用    支出      0.00  交易成功                                      2025011023001453511402847604                 CPR250110183303620185434485S
232  2025-01-10 12:34:03                  铁路12306                                         火车票    支出    887.00  交易成功                                      2025011022001453511401733682                            M2025011056999222
233  2025-01-10 12:27:44     昆仑人的私家小厨（骏豪·中央公园广场店）                Meituan-昆仑人的私家小厨（骏豪·中央公园广场店）    支出     15.00  交易成功                                      2025011022001453511459892938  6820180330024764010461368605556172511708004
234  2025-01-10 11:55:25                    北京一卡通                                     北京一卡通充值    支出      4.00  交易成功                                      2025011023001453511402090546                       D120250110115525961965
235  2025-01-10 08:11:11                  铁路12306                                         火车票    支出    325.50  交易成功                                      2025011022001453511459012177                           M20250110201394858
236  2025-01-10 02:03:38                   招商财富宝A                         余额宝-2025.01.09-收益发放    收入      2.75  交易成功                                              20250110386113317511
237  2025-01-09 22:44:31                    北京一卡通                                     北京一卡通充值    支出      4.00  交易成功                                      2025010923001453511456945316                       D120250109224431819199
238  2025-01-09 19:09:18                     哈啰出行                                 哈啰单车卡抵扣骑行费用    支出      0.00  交易成功                                      2025010923001453511457946455                 CPR250109190917955185434485G
239  2025-01-09 12:45:32                       花呗                           花呗自动还款-2025年01月账单  不计收支     21.45  还款成功                                      2025010929020999510159832058
240  2025-01-09 12:21:09     昆仑人的私家小厨（骏豪·中央公园广场店）                Meituan-昆仑人的私家小厨（骏豪·中央公园广场店）    支出     15.00  交易成功                                      2025010922001453511456824416  9420180330024764010461368605554351117208004
241  2025-01-09 11:16:21                    北京一卡通                                     北京一卡通充值    支出      4.00  交易成功                                      2025010923001453511457855950                       D120250109111621626566
242  2025-01-09 02:19:52                   招商财富宝A                         余额宝-2025.01.08-收益发放    收入      2.40  交易成功                                              20250109380750268511
243  2025-01-08 22:02:10                    北京一卡通                                     北京一卡通充值    支出      4.00  交易成功                                      2025010823001453511455866187                       D120250108220209478502
244  2025-01-08 18:31:55                     哈啰出行                                 哈啰单车卡抵扣骑行费用    支出      0.00  交易成功                                      2025010823001453511454828341                 CPR250108183154918185434485Z
245  2025-01-08 12:38:46     昆仑人的私家小厨（骏豪·中央公园广场店）                Meituan-昆仑人的私家小厨（骏豪·中央公园广场店）    支出     15.00  交易成功                                      2025010822001453511453370353  9720180330024764010461368605552665847108004
246  2025-01-08 12:38:04                    北京一卡通                                     北京一卡通充值    支出      4.00  交易成功                                      2025010823001453511453311314                       D120250108123804313898
247  2025-01-08 03:14:01  App Store & Apple Music             App Store & Apple Music；01.08购买    支出     20.00  交易成功                                      2025010822001453511449727015                                 MT1BG972YFa0
248  2025-01-08 02:11:18                   招商财富宝A                         余额宝-2025.01.07-收益发放    收入      2.30  交易成功                                              20250108374976471511
249  2025-01-07 22:32:55                    北京一卡通                                     北京一卡通充值    支出      4.00  交易成功                                      2025010723001453511452220832                       D120250107223255159597
250  2025-01-07 18:55:36                     哈啰出行                                 哈啰单车卡抵扣骑行费用    支出      0.00  交易成功                                      2025010723001453511452227641                 CPR250107185536401185434485J
251  2025-01-07 12:30:01     昆仑人的私家小厨（骏豪·中央公园广场店）                Meituan-昆仑人的私家小厨（骏豪·中央公园广场店）    支出     15.00  交易成功                                      2025010722001453511451343915  1220180330024764010461368605550842571908004
252  2025-01-07 12:21:33                    北京一卡通                                     北京一卡通充值    支出      4.00  交易成功                                      2025010723001453511448953259                       D120250107122133980092
253  2025-01-07 02:31:53                   招商财富宝A                         余额宝-2025.01.06-收益发放    收入      3.32  交易成功                                              20250107373565665511
254  2025-01-06 22:03:36                    北京一卡通                                     北京一卡通充值    支出      4.00  交易成功                                      2025010623001453511447053927                       D120250106220335825789
255  2025-01-06 18:33:46                     中国移动                            为13774738548话费充值    支出     50.00  交易成功                                      2025010622001453511445881076                 2025010600003100005136006867
256  2025-01-06 18:31:13                     哈啰出行                                 哈啰单车卡抵扣骑行费用    支出      0.00  交易成功                                      2025010623001453511445926521                 CPR250106183113772185434485L
257  2025-01-06 12:32:25     昆仑人的私家小厨（骏豪·中央公园广场店）                Meituan-昆仑人的私家小厨（骏豪·中央公园广场店）    支出     15.00  交易成功                                      2025010622001453511447710940  8020180330024764010461368605549219214508004
258  2025-01-06 12:13:55                    北京一卡通                                     北京一卡通充值    支出      4.00  交易成功                                      2025010623001453511447898089                       D120250106121355661542
259  2025-01-06 08:41:55                     哈啰出行                                 哈啰单车卡抵扣骑行费用    支出      0.00  交易成功                                      2025010623001453511445978449                 CPR250106084155724185434485R
260  2025-01-06 02:10:22                   招商财富宝A                         余额宝-2025.01.05-收益发放    收入      2.12  交易成功                                              20250106364869139511
261  2025-01-05 02:13:37                   招商财富宝A                         余额宝-2025.01.04-收益发放    收入      2.12  交易成功                                              20250105359358679511
262  2025-01-04 02:16:40                   招商财富宝A                         余额宝-2025.01.03-收益发放    收入      2.54  交易成功                                              20250104354049212511
263  2025-01-04 00:39:31                    北京一卡通                                     北京一卡通充值    支出      4.00  交易成功                                      2025010423001453511437040490                       D120250104003931103942
264  2025-01-03 12:34:15     昆仑人的私家小厨（骏豪·中央公园广场店）                Meituan-昆仑人的私家小厨（骏豪·中央公园广场店）    支出     15.00  交易成功                                      2025010322001453511437126738  0120180330024764010461368605543099956708004
265  2025-01-03 12:00:30                    北京一卡通                                     北京一卡通充值    支出      4.00  交易成功                                      2025010323001453511437007370                       D120250103120030889969
266  2025-01-03 02:08:42                   招商财富宝A                         余额宝-2025.01.02-收益发放    收入      2.74  交易成功                                              20250103347742094511
267  2025-01-02 23:25:39                    北京一卡通                                     北京一卡通充值    支出      4.00  交易成功                                      2025010223001453511435920896                       D120250102232539755002
268  2025-01-02 18:27:19                     哈啰出行                                 哈啰单车卡抵扣骑行费用    支出      0.00  交易成功                                      2025010223001453511435982427                 CPR250102182719371185434485A
269  2025-01-02 12:09:22     昆仑人的私家小厨（骏豪·中央公园广场店）                Meituan-昆仑人的私家小厨（骏豪·中央公园广场店）    支出     15.00  交易成功                                      2025010222001453511431346069  1920180330024764010461368605541299841608004
270  2025-01-02 12:05:01                    北京一卡通                                     北京一卡通充值    支出      4.00  交易成功                                      2025010223001453511430608217                       D120250102120500566267
271  2025-01-02 02:28:51                   招商财富宝A                         余额宝-2025.01.01-收益发放    收入      2.26  交易成功                                              20250102342995746511
272  2025-01-01 12:39:41                      黄佳妮                                         亲情卡    支出     83.42  交易成功                                      2025010104200131001087899449                 2025010122001196311448769935
273  2025-01-01 02:06:50                   招商财富宝A                         余额宝-2024.12.31-收益发放    收入      2.33  交易成功                                              20250101341332026511

支出总额: 52519.12 元


=========================================================================

==================== 美团账单(20250101-20250228).csv ====================
成功读取美团账单
共 42 条交易记录

交易明细:
                 交易成功时间                           订单标题 收/支    实付金额           支付方式                              交易单号                                    商家单号
0   2025-02-26 09:47:26  DAI CO. 㞭客烘焙（751D·PARK店） 订单详情  支出   21.50           微信支付  25022611100301670005667136900753                      0_1939365968397001
1   2025-02-25 18:30:36         周黑鸭(北京市朝阳区望京新世界店) 订单详情  支出   14.90           美团月付  25022511100301670005616392253753                      0_1939369799053057
2   2025-02-25 18:29:39     美团商家代金券-290079893675898787  支出   29.90           微信支付  25022511100301670005612275630753                         5788907682u401b
3   2025-02-25 18:21:46            螺大喜螺蛳粉（望京麒麟社店） 订单详情  支出   18.81           美团月付  25022511100301670005612491406753                      0_1939574074253060
4   2025-02-24 18:51:16           庭珍·牛肉粉（望京Soho店） 订单详情  支出   42.89           美团月付  25022411100301670005497082235753                      0_1938389384525058
5   2025-02-24 11:03:01                         自动续费套餐  支出   16.80           美团月付  25022411100301670005435045090753          017005769183934001740366180573
6   2025-02-21 13:40:19            【美团月付】主动还款2025年2月账单  支出  259.94          支付宝支付  25022111100301670005021575616753  2502211340067004010432430753_968100753
7   2025-02-20 18:40:26      肆喜桂林米粉·螺蛳粉（798艺术中心店） 订单详情  支出   30.20           美团月付  25022011100301670004934000735753                      0_1935673290125001
8   2025-02-15 12:18:24          张亮麻辣烫·麻辣拌（东亚望京店） 订单详情  支出    7.79           美团月付  25021511100301670004224508923753                      0_1931453002957014
9   2025-02-15 12:08:15     美团商家代金券-289932080250900758  支出   25.58           美团月付  25021511100301670004221771857753                         5754406963u401b
10  2025-01-25 11:03:44                         自动续费套餐  支出   16.80           美团月付  25012511100301670001805117741753          017005769183817001737774224044
11  2025-01-24 11:35:56         周黑鸭(北京市朝阳区望京新世界店) 订单详情  支出   65.34           美团月付  25012411100301670001683585323753                      0_1919853749709068
12  2025-01-20 11:33:39            【美团月付】主动还款2025年1月账单  支出  787.13  招商银行储蓄卡(2073)  25012011100301670001135635471753  2501201133332980010185740753_968100753
13  2025-01-18 18:57:31             喜茶（望京麒麟社茶空间店） 订单详情  支出   22.30           美团月付  25011811100301670000924840296753                      0_1915648846925082
14  2025-01-18 18:55:10     美团商家代金券-289532942933870815  支出   17.20           微信支付  25011811100301670000922787420753                         5667988711u401b
15  2025-01-18 12:50:57                 匠熙小馆（望京店） 订单详情  支出   23.00           美团月付  25011811100301670000862290187753                      0_1915373185101077
16  2025-01-18 12:50:47      肆喜桂林米粉·螺蛳粉（798艺术中心店） 订单详情  支出   28.70           微信支付  25011811100301670000862446951753                      0_1915360394061062
17  2025-01-17 19:10:43        Wagas沃歌斯(毕淘买生活广场店) 订单详情  支出   74.00           美团月付  25011711100301670000778401440753                      0_1914811476941092
18  2025-01-16 19:34:45            陈记面馆虾爆鳝（万红西街店） 订单详情  支出   38.00           美团月付  25011611100301670000643526414753                      0_1914014113485079
19  2025-01-16 11:38:13  DAI CO. 㞭客烘焙（751D·PARK店） 订单详情  支出   20.50           美团月付  25011611100301670000567046632753                      0_1913051208333054
20  2025-01-14 19:15:29      肆喜桂林米粉·螺蛳粉（798艺术中心店） 订单详情  支出   28.70           美团月付  25011411100301670000358542273753                      0_1911875238285092
21  2025-01-14 19:07:06      肆喜桂林米粉·螺蛳粉（798艺术中心店） 订单详情  收入   36.70           美团月付               2501140157057156753                           0_63706188173
22  2025-01-14 19:06:50      肆喜桂林米粉·螺蛳粉（798艺术中心店） 订单详情  支出   36.70           美团月付  25011411100301670000360740096753                      0_1911875068173044
23  2025-01-14 11:11:10            肯德基宅急送（酒仙桥东路店） 订单详情  支出   42.40           美团月付  25011411100301670000289218830753                      0_1910581570893076
24  2025-01-13 19:12:37                  暹罗泰（望京店） 订单详情  支出   60.00           美团月付  25011311100301670000222926301753                      0_1909406480269066
25  2025-01-13 18:52:46                 匠熙小馆（望京店） 订单详情  支出   24.00           美团月付  25011311100301670000229033884753                      0_1909367764301086
26  2025-01-13 13:46:45           瑞幸咖啡(北京悦悟科技中心店) 订单详情  支出   12.91           美团月付  25011311100301670000181265953753                      0_1909337775309070
27  2025-01-11 18:58:26            吴记厨房·福鼎肉片·肉酱拌面 订单详情  支出   24.70           美团月付  25011111100301670009946082760753                      0_1907555756365079
28  2025-01-11 18:47:15            吴记厨房·福鼎肉片·肉酱拌面 订单详情  支出   24.70           微信支付  25011111100301670009945762101753                      0_1907619453069089
29  2025-01-11 13:27:39            吴记厨房·福鼎肉片·肉酱拌面 订单详情  支出   24.70           美团月付  25011111100301670009888248328753                      0_1907626717005032
30  2025-01-11 13:24:09             云饵·菌汤专门店（望京店） 订单详情  支出   30.00           美团月付  25011111100301670009891212384753                      0_1907626654861020
31  2025-01-11 13:22:08      神会员省钱包-289428810275034832  支出    9.90           微信支付  25011111100301670009888387071753                         5639086839u401b
32  2025-01-09 19:49:22                 曹氏鸭脖（望京店） 订单详情  支出   25.30           美团月付  25010911100301670009664226889753                      0_1906525169101003
33  2025-01-09 10:56:39            吴记厨房·福鼎肉片·肉酱拌面 订单详情  支出   18.98           美团月付  25010911100301670009577382283753                      0_1905348772301053
34  2025-01-08 19:09:47          小吊梨汤·北京烤鸭（凯德望京店） 订单详情  支出   37.70           美团月付  25010811100301670009513240648753                      0_1904738233037024
35  2025-01-07 18:55:57                 匠熙小馆（望京店） 订单详情  支出   32.00           美团月付  25010711100301670009366071112753                      0_1904019799245052
36  2025-01-07 18:54:15     美团商家代金券-289374530275034832  支出   59.00           微信支付  25010711100301670009364523269753                         5624696897u401b
37  2025-01-07 18:53:25           CHAGEE霸王茶姬【经典茶韵】伯牙绝弦  收入   15.80           美团月付               2501070189562716753          4972004464645554684G29W600RX54
38  2025-01-06 19:01:40           庭珍·牛肉粉（望京Soho店） 订单详情  支出   35.90           美团月付  25010611100301670009234135036753                      0_1903544922381074
39  2025-01-05 19:53:28            陈记面馆虾爆鳝（万红西街店） 订单详情  支出   54.00           美团月付  25010511100301670009110570351753                      0_1902867547469022
40  2025-01-05 19:52:02      张亮麻辣烫·麻辣拌（麻辣香锅·将台路店） 订单详情  支出   22.92           美团月付  25010511100301670009110447726753                      0_1902624568845088
41  2025-01-03 19:20:55                    广晏家生料王 订单详情  支出   45.50           美团月付  25010311100301670008804097108753                      0_1901110067533003

支出总额: 2211.29 元


===================================================================

所有账单支出总额: 54730.41 元
